[2025-05-04 05:20:39] deleteSetting method called
[2025-05-04 05:20:39] Request type: {"isJsonRequest":true,"contentType":"application\/json"}
[2025-05-04 05:20:39] Raw JSON POST data: "{\"key\":\"rebooking_fee_percentage\"}"
[2025-05-04 05:20:39] Decoded JSON POST data: {"key":"rebooking_fee_percentage"}
[2025-05-04 05:20:39] Attempting to delete setting: "rebooking_fee_percentage"
[2025-05-04 05:20:39] Delete setting result: {"key":"rebooking_fee_percentage","success":true}
[2025-05-04 05:20:46] deleteSetting method called
[2025-05-04 05:20:46] Request type: {"isJsonRequest":false,"contentType":"application\/x-www-form-urlencoded"}
[2025-05-04 05:20:46] Form POST data: {"key":"rebooking_fee_percentage"}
[2025-05-04 05:20:46] Attempting to delete setting: "rebooking_fee_percentage"
[2025-05-04 05:20:46] Delete setting result: {"key":"rebooking_fee_percentage","success":true}
[2025-05-04 05:21:12] deleteSetting method called
[2025-05-04 05:21:12] Request type: {"isJsonRequest":false,"contentType":"application\/x-www-form-urlencoded"}
[2025-05-04 05:21:12] Form POST data: {"key":"rebooking_fee_percentage"}
[2025-05-04 05:21:12] Attempting to delete setting: "rebooking_fee_percentage"
[2025-05-04 05:21:12] Delete setting result: {"key":"rebooking_fee_percentage","success":true}
[2025-05-04 05:21:29] deleteSetting method called
[2025-05-04 05:21:29] Request type: {"isJsonRequest":false,"contentType":"application\/x-www-form-urlencoded"}
[2025-05-04 05:21:29] Form POST data: {"key":"rebooking_fee_percentage"}
[2025-05-04 05:21:29] Attempting to delete setting: "rebooking_fee_percentage"
[2025-05-04 05:21:29] Delete setting result: {"key":"rebooking_fee_percentage","success":true}
[2025-05-04 05:21:36] deleteSetting method called
[2025-05-04 05:21:36] Request type: {"isJsonRequest":true,"contentType":"application\/json"}
[2025-05-04 05:21:36] Raw JSON POST data: "{\"key\":\"rebooking_fee_percentage\"}"
[2025-05-04 05:21:36] Decoded JSON POST data: {"key":"rebooking_fee_percentage"}
[2025-05-04 05:21:36] Attempting to delete setting: "rebooking_fee_percentage"
[2025-05-04 05:21:36] Delete setting result: {"key":"rebooking_fee_percentage","success":true}
[2025-05-04 05:21:40] deleteSetting method called
[2025-05-04 05:21:40] Request type: {"isJsonRequest":true,"contentType":"application\/json"}
[2025-05-04 05:21:40] Raw JSON POST data: "{\"key\":\"min_booking_notice_hours\"}"
[2025-05-04 05:21:40] Decoded JSON POST data: {"key":"min_booking_notice_hours"}
[2025-05-04 05:21:40] Attempting to delete setting: "min_booking_notice_hours"
[2025-05-04 05:21:40] Delete setting result: {"key":"min_booking_notice_hours","success":true}
